#
# A fatal error has been detected by the Java Runtime Environment:
#
#  EXCEPTION_ACCESS_VIOLATION (0xc0000005) at pc=0x000000005ef30010, pid=6832, tid=0x0000000000002024
#
# JRE version: Java(TM) SE Runtime Environment (8.0_171-b11) (build 1.8.0_171-b11)
# Java VM: Java HotSpot(TM) 64-Bit Server VM (25.171-b11 mixed mode windows-amd64 compressed oops)
# Problematic frame:
# V  [jvm.dll+0xb0010]
#
# Failed to write core dump. Minidumps are not enabled by default on client versions of Windows
#
# If you would like to submit a bug report, please visit:
#   http://bugreport.java.com/bugreport/crash.jsp
#

---------------  T H R E A D  ---------------

Current thread (0x0000000002151800):  GCTaskThread [stack: 0x0000000012080000,0x0000000012180000] [id=8228]

siginfo: ExceptionCode=0xc0000005, reading address 0x00000000035b201c

Registers:
RAX=0x0000000000000000, RBX=0x00000000ef035afb, RCX=0x00000000ef035afb, RDX=0x00000000035b2014
RSP=0x000000001217f4c8, RBP=0x0000000000000000, RSI=0x0000000054de83c0, RDI=0x00000000576b28b0
R8 =0x0000000054de83c0, R9 =0x000000006d682f39, R10=0x0000000000000001, R11=0x000000001217f530
R12=0x000000005f4d8748, R13=0x4db4500000000000, R14=0x0000000002151e00, R15=0x0000000002151e20
RIP=0x000000005ef30010, EFLAGS=0x0000000000010206

Top of Stack: (sp=0x000000001217f4c8)
0x000000001217f4c8:   000000005f281b72 0000058a00000bc3
0x000000001217f4d8:   0000000000000005 000006440000119b
0x000000001217f4e8:   000006d0000003ee 0000000002151e10
0x000000001217f4f8:   000006d0000003ef 000006440000119c
0x000000001217f508:   000006d0000003ee 0000000002151e10
0x000000001217f518:   000000000214a470 000000005f4d8748
0x000000001217f528:   000000005f281ee0 00000000ef035d18
0x000000001217f538:   0000000000000000 0000000000000003
0x000000001217f548:   00000000576b28b0 0000000054de83c0
0x000000001217f558:   000000005f285461 000006440000119c
0x000000001217f568:   0000000054de83c0 0000000000000000
0x000000001217f578:   00000000c166e2c1 00000000576b28b0
0x000000001217f588:   0000000000000000 0000000000000000
0x000000001217f598:   000000005f273c9e 000000006d682f39
0x000000001217f5a8:   0000000002151800 0000000000000000
0x000000001217f5b8:   00000000ef035d19 0000000002151800 

Instructions: (pc=0x000000005ef30010)
0x000000005ef2fff0:   0c c1 1d 00 48 8b 9c 24 d0 00 00 00 48 81 c4 c0
0x000000005ef30000:   00 00 00 5d c3 cc cc cc cc cc cc cc cc cc cc cc
0x000000005ef30010:   44 8b 42 08 4c 8b ca 45 85 c0 7e 0e 41 f6 c0 01
0x000000005ef30020:   75 57 41 c1 f8 03 41 8b c0 c3 79 4d 80 3d 0e 15 


Register to memory mapping:

RAX=0x0000000000000000 is an unknown value
RBX=0x00000000ef035afb is an unknown value
RCX=0x00000000ef035afb is an unknown value
RDX=0x00000000035b2014 is an unknown value
RSP=0x000000001217f4c8 is an unknown value
RBP=0x0000000000000000 is an unknown value
RSI=0x0000000054de83c0 is an unknown value
RDI=0x00000000576b28b0 is an unknown value
R8 =0x0000000054de83c0 is an unknown value
R9 =0x000000006d682f39 is an unknown value
R10=0x0000000000000001 is an unknown value
R11=0x000000001217f530 is an unknown value
R12=0x000000005f4d8748 is an unknown value
R13=0x4db4500000000000 is an unknown value
R14=0x0000000002151e00 is an unknown value
R15=0x0000000002151e20 is an unknown value


Stack: [0x0000000012080000,0x0000000012180000],  sp=0x000000001217f4c8,  free space=1021k
Native frames: (J=compiled Java code, j=interpreted, Vv=VM code, C=native code)


---------------  P R O C E S S  ---------------

Java Threads: ( => current thread )
  0x000000005680f000 JavaThread "Service Thread" daemon [_thread_blocked, id=8868, stack(0x0000000056f60000,0x0000000057060000)]
  0x0000000056793000 JavaThread "C1 CompilerThread2" daemon [_thread_blocked, id=6440, stack(0x0000000056cc0000,0x0000000056dc0000)]
  0x0000000054e55800 JavaThread "C2 CompilerThread1" daemon [_thread_in_native, id=8776, stack(0x0000000056690000,0x0000000056790000)]
  0x0000000054e4e000 JavaThread "C2 CompilerThread0" daemon [_thread_blocked, id=8820, stack(0x00000000561d0000,0x00000000562d0000)]
  0x0000000054e5e800 JavaThread "Attach Listener" daemon [_thread_blocked, id=5528, stack(0x0000000056520000,0x0000000056620000)]
  0x0000000054e5b800 JavaThread "Signal Dispatcher" daemon [_thread_blocked, id=2872, stack(0x0000000056400000,0x0000000056500000)]
  0x0000000054e39800 JavaThread "Finalizer" daemon [_thread_blocked, id=8840, stack(0x00000000562e0000,0x00000000563e0000)]
  0x0000000054df2800 JavaThread "Reference Handler" daemon [_thread_blocked, id=7700, stack(0x0000000056000000,0x0000000056100000)]
  0x0000000002138000 JavaThread "main" [_thread_blocked, id=8960, stack(0x0000000002310000,0x0000000002410000)]

Other Threads:
  0x0000000054deb000 VMThread [stack: 0x0000000055e60000,0x0000000055f60000] [id=6488]
  0x00000000567bc000 WatcherThread [stack: 0x0000000056b90000,0x0000000056c90000] [id=4164]

=>0x0000000002151800 (exited) GCTaskThread [stack: 0x0000000012080000,0x0000000012180000] [id=8228]

VM state:at safepoint (normal execution)

VM Mutex/Monitor currently owned by a thread:  ([mutex/lock_event])
[0x00000000020fde40] Threads_lock - owner thread: 0x0000000054deb000
[0x00000000020fe340] Heap_lock - owner thread: 0x0000000002138000

Heap:
 PSYoungGen      total 72192K, used 70464K [0x00000000eaf00000, 0x00000000efd00000, 0x0000000100000000)
  eden space 65536K, 100% used [0x00000000eaf00000,0x00000000eef00000,0x00000000eef00000)
  from space 6656K, 74% used [0x00000000ef680000,0x00000000efb50000,0x00000000efd00000)
  to   space 7168K, 99% used [0x00000000eef00000,0x00000000ef5f8b08,0x00000000ef600000)
 ParOldGen       total 44032K, used 10884K [0x00000000c0c00000, 0x00000000c3700000, 0x00000000eaf00000)
  object space 44032K, 24% used [0x00000000c0c00000,0x00000000c16a11e8,0x00000000c3700000)
 Metaspace       used 20352K, capacity 20706K, committed 21120K, reserved 1067008K
  class space    used 2460K, capacity 2577K, committed 2688K, reserved 1048576K

Card table byte_map: [0x0000000011aa0000,0x0000000011ca0000] byte_map_base: 0x000000001149a000

Marking Bits: (ParMarkBitMap*) 0x000000005f6a08c0
 Begin Bits: [0x00000000122c0000, 0x0000000013290000)
 End Bits:   [0x0000000013290000, 0x0000000014260000)

Polling page: 0x0000000000240000

CodeCache: size=245760Kb used=10763Kb max_used=10763Kb free=234996Kb
 bounds [0x00000000026e0000, 0x0000000003170000, 0x00000000116e0000]
 total_blobs=3468 nmethods=3085 adapters=296
 compilation: enabled

Compilation events (10 events):
Event: 5.295 Thread 0x0000000056793000 3092   !   3       java.util.jar.Attributes::read (380 bytes)
Event: 5.299 Thread 0x0000000056793000 nmethod 3092 0x0000000003166250 code [0x00000000031666a0, 0x0000000003168be8]
Event: 5.313 Thread 0x0000000056793000 3093       1       com.sun.tools.javac.file.Locations::access$500 (5 bytes)
Event: 5.313 Thread 0x0000000056793000 nmethod 3093 0x000000000316a2d0 code [0x000000000316a420, 0x000000000316a510]
Event: 5.335 Thread 0x0000000056793000 3094       3       sun.misc.PerfCounter::addElapsedTimeFrom (10 bytes)
Event: 5.336 Thread 0x0000000056793000 nmethod 3094 0x000000000316a590 code [0x000000000316a740, 0x000000000316ae58]
Event: 5.336 Thread 0x0000000056793000 3095  s    3       java.io.ByteArrayInputStream::read (101 bytes)
Event: 5.336 Thread 0x0000000056793000 nmethod 3095 0x000000000316b1d0 code [0x000000000316b380, 0x000000000316bac8]
Event: 5.345 Thread 0x0000000056793000 3096       3       java.util.jar.Manifest$FastInputStream::fill (38 bytes)
Event: 5.346 Thread 0x0000000056793000 nmethod 3096 0x000000000316bcd0 code [0x000000000316be40, 0x000000000316c0c8]

GC Heap History (10 events):
Event: 1.028 GC heap after
Heap after GC invocations=2 (full 0):
 PSYoungGen      total 18944K, used 2544K [0x00000000eaf00000, 0x00000000ed400000, 0x0000000100000000)
  eden space 16384K, 0% used [0x00000000eaf00000,0x00000000eaf00000,0x00000000ebf00000)
  from space 2560K, 99% used [0x00000000ec180000,0x00000000ec3fc078,0x00000000ec400000)
  to   space 2560K, 0% used [0x00000000ebf00000,0x00000000ebf00000,0x00000000ec180000)
 ParOldGen       total 44032K, used 1331K [0x00000000c0c00000, 0x00000000c3700000, 0x00000000eaf00000)
  object space 44032K, 3% used [0x00000000c0c00000,0x00000000c0d4cc48,0x00000000c3700000)
 Metaspace       used 8241K, capacity 8348K, committed 8576K, reserved 1056768K
  class space    used 1020K, capacity 1080K, committed 1152K, reserved 1048576K
}
Event: 1.354 GC heap before
{Heap before GC invocations=3 (full 0):
 PSYoungGen      total 18944K, used 18928K [0x00000000eaf00000, 0x00000000ed400000, 0x0000000100000000)
  eden space 16384K, 100% used [0x00000000eaf00000,0x00000000ebf00000,0x00000000ebf00000)
  from space 2560K, 99% used [0x00000000ec180000,0x00000000ec3fc078,0x00000000ec400000)
  to   space 2560K, 0% used [0x00000000ebf00000,0x00000000ebf00000,0x00000000ec180000)
 ParOldGen       total 44032K, used 1331K [0x00000000c0c00000, 0x00000000c3700000, 0x00000000eaf00000)
  object space 44032K, 3% used [0x00000000c0c00000,0x00000000c0d4cc48,0x00000000c3700000)
 Metaspace       used 10099K, capacity 10264K, committed 10368K, reserved 1058816K
  class space    used 1246K, capacity 1313K, committed 1408K, reserved 1048576K
Event: 1.367 GC heap after
Heap after GC invocations=3 (full 0):
 PSYoungGen      total 18944K, used 2536K [0x00000000eaf00000, 0x00000000ed400000, 0x0000000100000000)
  eden space 16384K, 0% used [0x00000000eaf00000,0x00000000eaf00000,0x00000000ebf00000)
  from space 2560K, 99% used [0x00000000ebf00000,0x00000000ec17a118,0x00000000ec180000)
  to   space 2560K, 0% used [0x00000000ed180000,0x00000000ed180000,0x00000000ed400000)
 ParOldGen       total 44032K, used 3298K [0x00000000c0c00000, 0x00000000c3700000, 0x00000000eaf00000)
  object space 44032K, 7% used [0x00000000c0c00000,0x00000000c0f389e8,0x00000000c3700000)
 Metaspace       used 10099K, capacity 10264K, committed 10368K, reserved 1058816K
  class space    used 1246K, capacity 1313K, committed 1408K, reserved 1048576K
}
Event: 1.747 GC heap before
{Heap before GC invocations=4 (full 0):
 PSYoungGen      total 18944K, used 18920K [0x00000000eaf00000, 0x00000000ed400000, 0x0000000100000000)
  eden space 16384K, 100% used [0x00000000eaf00000,0x00000000ebf00000,0x00000000ebf00000)
  from space 2560K, 99% used [0x00000000ebf00000,0x00000000ec17a118,0x00000000ec180000)
  to   space 2560K, 0% used [0x00000000ed180000,0x00000000ed180000,0x00000000ed400000)
 ParOldGen       total 44032K, used 3298K [0x00000000c0c00000, 0x00000000c3700000, 0x00000000eaf00000)
  object space 44032K, 7% used [0x00000000c0c00000,0x00000000c0f389e8,0x00000000c3700000)
 Metaspace       used 12110K, capacity 12302K, committed 12672K, reserved 1060864K
  class space    used 1517K, capacity 1605K, committed 1664K, reserved 1048576K
Event: 1.753 GC heap after
Heap after GC invocations=4 (full 0):
 PSYoungGen      total 35328K, used 2544K [0x00000000eaf00000, 0x00000000ed400000, 0x0000000100000000)
  eden space 32768K, 0% used [0x00000000eaf00000,0x00000000eaf00000,0x00000000ecf00000)
  from space 2560K, 99% used [0x00000000ed180000,0x00000000ed3fc030,0x00000000ed400000)
  to   space 2560K, 0% used [0x00000000ecf00000,0x00000000ecf00000,0x00000000ed180000)
 ParOldGen       total 44032K, used 5758K [0x00000000c0c00000, 0x00000000c3700000, 0x00000000eaf00000)
  object space 44032K, 13% used [0x00000000c0c00000,0x00000000c119f8b8,0x00000000c3700000)
 Metaspace       used 12110K, capacity 12302K, committed 12672K, reserved 1060864K
  class space    used 1517K, capacity 1605K, committed 1664K, reserved 1048576K
}
Event: 2.865 GC heap before
{Heap before GC invocations=5 (full 0):
 PSYoungGen      total 35328K, used 35312K [0x00000000eaf00000, 0x00000000ed400000, 0x0000000100000000)
  eden space 32768K, 100% used [0x00000000eaf00000,0x00000000ecf00000,0x00000000ecf00000)
  from space 2560K, 99% used [0x00000000ed180000,0x00000000ed3fc030,0x00000000ed400000)
  to   space 2560K, 0% used [0x00000000ecf00000,0x00000000ecf00000,0x00000000ed180000)
 ParOldGen       total 44032K, used 5758K [0x00000000c0c00000, 0x00000000c3700000, 0x00000000eaf00000)
  object space 44032K, 13% used [0x00000000c0c00000,0x00000000c119f8b8,0x00000000c3700000)
 Metaspace       used 15220K, capacity 15394K, committed 15616K, reserved 1062912K
  class space    used 1859K, capacity 1939K, committed 2048K, reserved 1048576K
Event: 2.907 GC heap after
Heap after GC invocations=5 (full 0):
 PSYoungGen      total 35328K, used 2544K [0x00000000eaf00000, 0x00000000efe00000, 0x0000000100000000)
  eden space 32768K, 0% used [0x00000000eaf00000,0x00000000eaf00000,0x00000000ecf00000)
  from space 2560K, 99% used [0x00000000ecf00000,0x00000000ed17c030,0x00000000ed180000)
  to   space 7680K, 0% used [0x00000000ef680000,0x00000000ef680000,0x00000000efe00000)
 ParOldGen       total 44032K, used 10052K [0x00000000c0c00000, 0x00000000c3700000, 0x00000000eaf00000)
  object space 44032K, 22% used [0x00000000c0c00000,0x00000000c15d1188,0x00000000c3700000)
 Metaspace       used 15220K, capacity 15394K, committed 15616K, reserved 1062912K
  class space    used 1859K, capacity 1939K, committed 2048K, reserved 1048576K
}
Event: 3.675 GC heap before
{Heap before GC invocations=6 (full 0):
 PSYoungGen      total 35328K, used 35312K [0x00000000eaf00000, 0x00000000efe00000, 0x0000000100000000)
  eden space 32768K, 100% used [0x00000000eaf00000,0x00000000ecf00000,0x00000000ecf00000)
  from space 2560K, 99% used [0x00000000ecf00000,0x00000000ed17c030,0x00000000ed180000)
  to   space 7680K, 0% used [0x00000000ef680000,0x00000000ef680000,0x00000000efe00000)
 ParOldGen       total 44032K, used 10052K [0x00000000c0c00000, 0x00000000c3700000, 0x00000000eaf00000)
  object space 44032K, 22% used [0x00000000c0c00000,0x00000000c15d1188,0x00000000c3700000)
 Metaspace       used 15605K, capacity 15808K, committed 16128K, reserved 1062912K
  class space    used 1865K, capacity 1944K, committed 2048K, reserved 1048576K
Event: 3.686 GC heap after
Heap after GC invocations=6 (full 0):
 PSYoungGen      total 72192K, used 4928K [0x00000000eaf00000, 0x00000000efd00000, 0x0000000100000000)
  eden space 65536K, 0% used [0x00000000eaf00000,0x00000000eaf00000,0x00000000eef00000)
  from space 6656K, 74% used [0x00000000ef680000,0x00000000efb50000,0x00000000efd00000)
  to   space 7168K, 0% used [0x00000000eef00000,0x00000000eef00000,0x00000000ef600000)
 ParOldGen       total 44032K, used 10060K [0x00000000c0c00000, 0x00000000c3700000, 0x00000000eaf00000)
  object space 44032K, 22% used [0x00000000c0c00000,0x00000000c15d3188,0x00000000c3700000)
 Metaspace       used 15605K, capacity 15808K, committed 16128K, reserved 1062912K
  class space    used 1865K, capacity 1944K, committed 2048K, reserved 1048576K
}
Event: 5.346 GC heap before
{Heap before GC invocations=7 (full 0):
 PSYoungGen      total 72192K, used 70464K [0x00000000eaf00000, 0x00000000efd00000, 0x0000000100000000)
  eden space 65536K, 100% used [0x00000000eaf00000,0x00000000eef00000,0x00000000eef00000)
  from space 6656K, 74% used [0x00000000ef680000,0x00000000efb50000,0x00000000efd00000)
  to   space 7168K, 0% used [0x00000000eef00000,0x00000000eef00000,0x00000000ef600000)
 ParOldGen       total 44032K, used 10060K [0x00000000c0c00000, 0x00000000c3700000, 0x00000000eaf00000)
  object space 44032K, 22% used [0x00000000c0c00000,0x00000000c15d3188,0x00000000c3700000)
 Metaspace       used 20352K, capacity 20706K, committed 21120K, reserved 1067008K
  class space    used 2460K, capacity 2577K, committed 2688K, reserved 1048576K

Deoptimization events (10 events):
Event: 3.757 Thread 0x0000000002138000 Uncommon trap: reason=unstable_if action=reinterpret pc=0x0000000002b54fb4 method=java.util.HashMap.getNode(ILjava/lang/Object;)Ljava/util/HashMap$Node; @ 53
Event: 3.856 Thread 0x0000000002138000 Uncommon trap: reason=bimorphic action=maybe_recompile pc=0x0000000002c8547c method=java.util.concurrent.ConcurrentHashMap.get(Ljava/lang/Object;)Ljava/lang/Object; @ 149
Event: 3.856 Thread 0x0000000002138000 Uncommon trap: reason=bimorphic action=maybe_recompile pc=0x0000000002c8547c method=java.util.concurrent.ConcurrentHashMap.get(Ljava/lang/Object;)Ljava/lang/Object; @ 149
Event: 3.860 Thread 0x0000000002138000 Uncommon trap: reason=bimorphic action=maybe_recompile pc=0x0000000002c8547c method=java.util.concurrent.ConcurrentHashMap.get(Ljava/lang/Object;)Ljava/lang/Object; @ 149
Event: 4.088 Thread 0x0000000002138000 Uncommon trap: reason=unstable_if action=reinterpret pc=0x0000000002c5caf0 method=sun.net.www.protocol.jar.Handler.parseURL(Ljava/net/URL;Ljava/lang/String;II)V @ 94
Event: 4.131 Thread 0x0000000002138000 Uncommon trap: reason=bimorphic action=maybe_recompile pc=0x0000000002c8bd94 method=java.util.regex.Pattern$CharProperty.match(Ljava/util/regex/Matcher;ILjava/lang/CharSequence;)Z @ 37
Event: 4.657 Thread 0x0000000002138000 Uncommon trap: reason=unstable_if action=reinterpret pc=0x0000000002edfaf4 method=org.eclipse.sisu.plexus.RealmFilteredBeans$FilteredItr.hasNext()Z @ 44
Event: 4.753 Thread 0x0000000002138000 Uncommon trap: reason=bimorphic action=maybe_recompile pc=0x0000000002c8bd94 method=java.util.regex.Pattern$CharProperty.match(Ljava/util/regex/Matcher;ILjava/lang/CharSequence;)Z @ 37
Event: 4.771 Thread 0x0000000002138000 Uncommon trap: reason=unstable_if action=reinterpret pc=0x0000000002f7d6b0 method=com.google.inject.internal.InjectorImpl.callInContext(Lcom/google/inject/internal/ContextualCallable;)Ljava/lang/Object; @ 161
Event: 4.871 Thread 0x0000000002138000 Uncommon trap: reason=unstable_if action=reinterpret pc=0x0000000002f4d138 method=java.nio.charset.CharsetDecoder.decode(Ljava/nio/ByteBuffer;Ljava/nio/CharBuffer;Z)Ljava/nio/charset/CoderResult; @ 1

Classes redefined (0 events):
No events

Internal exceptions (10 events):
Event: 2.153 Thread 0x0000000002138000 Exception <a 'java/lang/NullPointerException'> (0x00000000eb9dd640) thrown at [C:\re\workspace\8-2-build-windows-amd64-cygwin\jdk8u171\10807\hotspot\src\share\vm\interpreter\linkResolver.cpp, line 1185]
Event: 2.153 Thread 0x0000000002138000 Exception <a 'java/lang/NullPointerException'> (0x00000000eb9dd858) thrown at [C:\re\workspace\8-2-build-windows-amd64-cygwin\jdk8u171\10807\hotspot\src\share\vm\interpreter\linkResolver.cpp, line 1185]
Event: 2.155 Thread 0x0000000002138000 Exception <a 'java/lang/NullPointerException'> (0x00000000eb9f5368) thrown at [C:\re\workspace\8-2-build-windows-amd64-cygwin\jdk8u171\10807\hotspot\src\share\vm\interpreter\linkResolver.cpp, line 1185]
Event: 2.156 Thread 0x0000000002138000 Exception <a 'java/lang/NullPointerException'> (0x00000000eb9f5580) thrown at [C:\re\workspace\8-2-build-windows-amd64-cygwin\jdk8u171\10807\hotspot\src\share\vm\interpreter\linkResolver.cpp, line 1185]
Event: 2.156 Thread 0x0000000002138000 Exception <a 'java/lang/NullPointerException'> (0x00000000eb9f5798) thrown at [C:\re\workspace\8-2-build-windows-amd64-cygwin\jdk8u171\10807\hotspot\src\share\vm\interpreter\linkResolver.cpp, line 1185]
Event: 2.494 Thread 0x0000000002138000 Implicit null exception at 0x00000000029cdc45 to 0x00000000029cde19
Event: 2.494 Thread 0x0000000002138000 Implicit null exception at 0x0000000002b5062f to 0x0000000002b50695
Event: 2.674 Thread 0x0000000002138000 Implicit null exception at 0x0000000002d15d4d to 0x0000000002d16f01
Event: 4.771 Thread 0x0000000002138000 Implicit null exception at 0x0000000002f7c493 to 0x0000000002f7d691
Event: 4.870 Thread 0x0000000002138000 Exception <a 'java/lang/ClassNotFoundException': com/sun/tools/javac/api/JavacTool> (0x00000000ee059010) thrown at [C:\re\workspace\8-2-build-windows-amd64-cygwin\jdk8u171\10807\hotspot\src\share\vm\classfile\systemDictionary.cpp, line 210]

Events (10 events):
Event: 5.276 loading class com/sun/tools/javac/file/Locations$Path done
Event: 5.276 Executing VM operation: Deoptimize
Event: 5.277 Executing VM operation: Deoptimize done
Event: 5.277 loading class com/sun/tools/javac/util/ListBuffer$1
Event: 5.277 loading class com/sun/tools/javac/util/ListBuffer$1 done
Event: 5.280 loading class com/sun/tools/javac/util/StringUtils
Event: 5.280 loading class com/sun/tools/javac/util/StringUtils done
Event: 5.315 Thread 0x0000000002138000 DEOPT PACKING pc=0x0000000002f53645 sp=0x000000000240d360
Event: 5.315 Thread 0x0000000002138000 DEOPT UNPACKING pc=0x0000000002727490 sp=0x000000000240d0b0 mode 0
Event: 5.346 Executing VM operation: ParallelGCFailedAllocation


Dynamic libraries:
0x000000013ffd0000 - 0x0000000140007000 	C:\Program Files\Java\jdk1.8.0_171\bin\java.exe
0x0000000077510000 - 0x00000000776bb000 	C:\Windows\SYSTEM32\ntdll.dll
0x00000000773f0000 - 0x000000007750f000 	C:\Windows\system32\kernel32.dll
0x000007fefd600000 - 0x000007fefd66b000 	C:\Windows\system32\KERNELBASE.dll
0x000007fefd840000 - 0x000007fefd91b000 	C:\Windows\system32\ADVAPI32.dll
0x000007feff260000 - 0x000007feff2ff000 	C:\Windows\system32\msvcrt.dll
0x000007fefd920000 - 0x000007fefd93f000 	C:\Windows\SYSTEM32\sechost.dll
0x000007feff560000 - 0x000007feff68e000 	C:\Windows\system32\RPCRT4.dll
0x00000000772f0000 - 0x00000000773ea000 	C:\Windows\system32\USER32.dll
0x000007feff1f0000 - 0x000007feff257000 	C:\Windows\system32\GDI32.dll
0x000007fefdd00000 - 0x000007fefdd0e000 	C:\Windows\system32\LPK.dll
0x000007feff700000 - 0x000007feff7ca000 	C:\Windows\system32\USP10.dll
0x000007fefbb50000 - 0x000007fefbd44000 	C:\Windows\WinSxS\amd64_microsoft.windows.common-controls_6595b64144ccf1df_6.0.7600.16385_none_fa645303170382f6\COMCTL32.dll
0x000007fefdd10000 - 0x000007fefdd81000 	C:\Windows\system32\SHLWAPI.dll
0x000007fefdb50000 - 0x000007fefdb7e000 	C:\Windows\system32\IMM32.DLL
0x000007fefde10000 - 0x000007fefdf19000 	C:\Windows\system32\MSCTF.dll
0x0000000069550000 - 0x0000000069622000 	C:\Program Files\Java\jdk1.8.0_171\jre\bin\msvcr100.dll
0x000000005ee80000 - 0x000000005f720000 	C:\Program Files\Java\jdk1.8.0_171\jre\bin\server\jvm.dll
0x000007fef9800000 - 0x000007fef9809000 	C:\Windows\system32\WSOCK32.dll
0x000007feff7d0000 - 0x000007feff81d000 	C:\Windows\system32\WS2_32.dll
0x000007fefdf20000 - 0x000007fefdf28000 	C:\Windows\system32\NSI.dll
0x000007fefa760000 - 0x000007fefa79b000 	C:\Windows\system32\WINMM.dll
0x000007fefc5e0000 - 0x000007fefc5ec000 	C:\Windows\system32\VERSION.dll
0x00000000776d0000 - 0x00000000776d7000 	C:\Windows\system32\PSAPI.DLL
0x0000000062950000 - 0x000000006295f000 	C:\Program Files\Java\jdk1.8.0_171\jre\bin\verify.dll
0x0000000062920000 - 0x0000000062949000 	C:\Program Files\Java\jdk1.8.0_171\jre\bin\java.dll
0x0000000062900000 - 0x0000000062916000 	C:\Program Files\Java\jdk1.8.0_171\jre\bin\zip.dll
0x000007fefdf30000 - 0x000007fefecb6000 	C:\Windows\system32\SHELL32.dll
0x000007fefd940000 - 0x000007fefdb41000 	C:\Windows\system32\ole32.dll
0x000007fefd470000 - 0x000007fefd47f000 	C:\Windows\system32\profapi.dll
0x000007fefc340000 - 0x000007fefc34a000 	C:\apache-maven-3.5.3\lib\jansi-native\windows64\jansi.dll
0x00000000628c0000 - 0x00000000628da000 	C:\Program Files\Java\jdk1.8.0_171\jre\bin\net.dll
0x000007fefcce0000 - 0x000007fefcd34000 	C:\Windows\system32\mswsock.dll
0x000007fefccd0000 - 0x000007fefccd7000 	C:\Windows\System32\wship6.dll
0x00000000628e0000 - 0x00000000628f1000 	C:\Program Files\Java\jdk1.8.0_171\jre\bin\nio.dll
0x000007fef9fc0000 - 0x000007fefa0e5000 	C:\Windows\system32\dbghelp.dll

VM Arguments:
jvm_args: -Dclassworlds.conf=C:\apache-maven-3.5.3\bin\..\bin\m2.conf -Dmaven.home=C:\apache-maven-3.5.3\bin\.. -Dlibrary.jansi.path=C:\apache-maven-3.5.3\bin\..\lib\jansi-native -Dmaven.multiModuleProjectDirectory=C:\Users\NJ\eclipse-workspace\Flight 
java_command: org.codehaus.plexus.classworlds.launcher.Launcher compile
java_class_path (initial): C:\apache-maven-3.5.3\bin\..\boot\plexus-classworlds-2.5.2.jar
Launcher Type: SUN_STANDARD

Environment Variables:
JAVA_HOME=C:\Program Files\Java\jdk1.8.0_171
PATH=C:\ProgramData\Oracle\Java\javapath;C:\Windows\system32;C:\Windows;C:\Windows\System32\Wbem;C:\Windows\System32\WindowsPowerShell\v1.0\;C:\Program Files\Intel\WiFi\bin\;C:\Program Files\Common Files\Intel\WirelessCommon\;C:\Program Files\Git\cmd;C:\apache-maven-3.5.3\bin;C:\Program Files\Java\jdk1.8.0_171\bin;C:\Program Files\Intel\WiFi\bin\;C:\Program Files\Common Files\Intel\WirelessCommon\
USERNAME=NJ
OS=Windows_NT
PROCESSOR_IDENTIFIER=Intel64 Family 6 Model 42 Stepping 7, GenuineIntel



---------------  S Y S T E M  ---------------

OS: Windows 7 , 64 bit Build 7600 (6.1.7600.16385)

CPU:total 4 (initial active 4) (2 cores per cpu, 2 threads per core) family 6 model 42 stepping 7, cmov, cx8, fxsr, mmx, sse, sse2, sse3, ssse3, sse4.1, sse4.2, popcnt, clmul, ht, tsc, tscinvbit

Memory: 4k page, physical 4140912k(641980k free), swap 8279928k(3701400k free)

vm_info: Java HotSpot(TM) 64-Bit Server VM (25.171-b11) for windows-amd64 JRE (1.8.0_171-b11), built on Mar 28 2018 16:06:12 by "java_re" with MS VC++ 10.0 (VS2010)

time: Sun Aug 12 14:39:46 2018
elapsed time: 5 seconds (0d 0h 0m 5s)

